<?xml version="1.0" encoding="UTF-8"?><testsuite errors="1" failures="0" name="Login" skipped="0" tests="1" time="7.72" timestamp="2023-09-20 01:43:43"><testcase name="Login succesfully"><error message="Arity mismatch: Step Definition 'com.co.swag.stepdefinitons.LoginStepDefinition.heUserEnterWithCredentials() in file:/C:/Users/WS/IdeaProjects/swag/build/classes/java/test/' with pattern [^he user enter with credentials$] is declared with 0 parameters. However, the gherkin step has 1 arguments [Table:[[user, password], [standard_user, secret_sauce]]]. &#10;Step text: he user enter with credentials" type="cucumber.runtime.CucumberException">Arity mismatch: Step Definition 'com.co.swag.stepdefinitons.LoginStepDefinition.heUserEnterWithCredentials() in file:/C:/Users/WS/IdeaProjects/swag/build/classes/java/test/' with pattern [^he user enter with credentials$] is declared with 0 parameters. However, the gherkin step has 1 arguments [Table:[[user, password], [standard_user, secret_sauce]]]. 
Step text: he user enter with credentials</error><system-err>Arity mismatch: Step Definition 'com.co.swag.stepdefinitons.LoginStepDefinition.heUserEnterWithCredentials() in file:/C:/Users/WS/IdeaProjects/swag/build/classes/java/test/' with pattern [^he user enter with credentials$] is declared with 0 parameters. However, the gherkin step has 1 arguments [Table:[[user, password], [standard_user, secret_sauce]]]. 
Step text: he user enter with credentials&#13;
cucumber.runner.Runner.runPickle(Runner.java:80)&#13;
worker.org.gradle.process.internal.worker.GradleWorkerMain.run(GradleWorkerMain.java:69)&#13;
worker.org.gradle.process.internal.worker.GradleWorkerMain.main(GradleWorkerMain.java:74)&#13;
</system-err></testcase></testsuite>