<?xml version="1.0" encoding="UTF-8"?><testsuite errors="0" failures="1" name="Buy Product" skipped="0" tests="1" time="12.46" timestamp="2023-09-21 09:58:55"><testcase name="Add product to cart successfully"><failure message="Expected enabled element was not enabled" type="net.thucydides.core.webdriver.exceptions.ElementShouldBeEnabledException">Expected enabled element was not enabled</failure><system-err>Expected enabled element was not enabled&#13;
com.co.swag.tasks.CartProductTask.performAs(CartProductTask.java:12)&#13;
com.co.swag.stepdefinitons.ProductStepDefinition.theUserSelectAProduct(ProductStepDefinition.java:11)&#13;
cucumber.runner.Runner.runPickle(Runner.java:80)&#13;
worker.org.gradle.process.internal.worker.GradleWorkerMain.run(GradleWorkerMain.java:69)&#13;
worker.org.gradle.process.internal.worker.GradleWorkerMain.main(GradleWorkerMain.java:74)&#13;
</system-err></testcase></testsuite>